{
  "0 debug pnpm:scope": {
    "selected": 1
  },
  "1 error pnpm": {
    "errno": 1,
    "code": "ELIFECYCLE",
    "pkgid": "blog-engine@1.0.0",
    "stage": "web",
    "script": "npm client/package.json dev",
    "pkgname": "blog-engine",
    "err": {
      "name": "pnpm",
      "message": "blog-engine@1.0.0 web: `npm client/package.json dev`\nExit status 1",
      "code": "ELIFECYCLE",
      "stack": "pnpm: blog-engine@1.0.0 web: `npm client/package.json dev`\nExit status 1\n    at EventEmitter.<anonymous> (/home/mdv/.nvm/versions/node/v14.16.0/lib/node_modules/pnpm/dist/pnpm.cjs:104900:20)\n    at EventEmitter.emit (events.js:315:20)\n    at ChildProcess.<anonymous> (/home/mdv/.nvm/versions/node/v14.16.0/lib/node_modules/pnpm/dist/pnpm.cjs:92889:18)\n    at ChildProcess.emit (events.js:315:20)\n    at maybeClose (internal/child_process.js:1048:16)\n    at Process.ChildProcess._handle.onexit (internal/child_process.js:288:5)"
    }
  },
  "2 warn pnpm:global": " Local package.json exists, but node_modules missing, did you mean to install?"
}